mS_Final/build/outputs/logs/manifest-merger-debug-report.txt
-- Merging decision tree log ---
manifest
ADDED from src\main\AndroidManifest.xml:2:1-186:12
	xmlns:android
		ADDED from src\main\AndroidManifest.xml:2:11-69
	package
		ADDED from src\main\AndroidManifest.xml:3:5-29
		INJECTED from src\main\AndroidManifest.xml
		INJECTED from src\main\AndroidManifest.xml
	android:versionName
		ADDED from src\main\AndroidManifest.xml:5:5-30
		INJECTED from src\main\AndroidManifest.xml
		INJECTED from src\main\AndroidManifest.xml
	android:versionCode
		ADDED from src\main\AndroidManifest.xml:4:5-28
		INJECTED from src\main\AndroidManifest.xml
		INJECTED from src\main\AndroidManifest.xml
uses-sdk
ADDED from src\main\AndroidManifest.xml:7:5-9:41
	android:targetSdkVersion
		ADDED from src\main\AndroidManifest.xml:9:9-38
		INJECTED from src\main\AndroidManifest.xml
		INJECTED from src\main\AndroidManifest.xml
	android:minSdkVersion
		ADDED from src\main\AndroidManifest.xml:8:9-34
		INJECTED from src\main\AndroidManifest.xml
		INJECTED from src\main\AndroidManifest.xml
uses-permission#android.permission.ACCESS_NETWORK_STATE
ADDED from src\main\AndroidManifest.xml:12:5-79
	android:name
		ADDED from src\main\AndroidManifest.xml:12:22-76
uses-permission#android.permission.ACCESS_WIFI_STATE
ADDED from src\main\AndroidManifest.xml:14:5-76
	android:name
		ADDED from src\main\AndroidManifest.xml:14:22-73
uses-permission#android.permission.INTERNET
ADDED from src\main\AndroidManifest.xml:16:5-67
	android:name
		ADDED from src\main\AndroidManifest.xml:16:22-64
uses-permission#android.permission.WRITE_EXTERNAL_STORAGE
ADDED from src\main\AndroidManifest.xml:18:5-81
	android:name
		ADDED from src\main\AndroidManifest.xml:18:22-78
uses-permission#android.permission.READ_PHONE_STATE
ADDED from src\main\AndroidManifest.xml:20:5-75
	android:name
		ADDED from src\main\AndroidManifest.xml:20:22-72
uses-permission#android.permission.READ_CONTACTS
ADDED from src\main\AndroidManifest.xml:22:5-72
	android:name
		ADDED from src\main\AndroidManifest.xml:22:22-69
uses-permission#android.permission.RECEIVE_BOOT_COMPLETED
ADDED from src\main\AndroidManifest.xml:24:5-81
	android:name
		ADDED from src\main\AndroidManifest.xml:24:22-78
uses-permission#android.permission.SEND_SMS
ADDED from src\main\AndroidManifest.xml:26:5-67
	android:name
		ADDED from src\main\AndroidManifest.xml:26:22-64
uses-permission#android.permission.RECEIVE_SMS
ADDED from src\main\AndroidManifest.xml:28:5-70
	android:name
		ADDED from src\main\AndroidManifest.xml:28:22-67
uses-permission#android.permission.ACCESS_FINE_LOCATION
ADDED from src\main\AndroidManifest.xml:30:5-79
	android:name
		ADDED from src\main\AndroidManifest.xml:30:22-76
uses-permission#android.permission.SYSTEM_ALERT_WINDOW
ADDED from src\main\AndroidManifest.xml:32:5-78
	android:name
		ADDED from src\main\AndroidManifest.xml:32:22-75
uses-permission#android.permission.CALL_PHONE
ADDED from src\main\AndroidManifest.xml:34:5-69
	android:name
		ADDED from src\main\AndroidManifest.xml:34:22-66
uses-permission#android.permission.READ_CALL_LOG
ADDED from src\main\AndroidManifest.xml:36:5-72
	android:name
		ADDED from src\main\AndroidManifest.xml:36:22-69
uses-permission#android.permission.WRITE_CALL_LOG
ADDED from src\main\AndroidManifest.xml:37:5-73
	android:name
		ADDED from src\main\AndroidManifest.xml:37:22-70
uses-permission#android.permission.GET_TASKS
ADDED from src\main\AndroidManifest.xml:39:5-68
	android:name
		ADDED from src\main\AndroidManifest.xml:39:22-65
uses-permission#android.permission.KILL_BACKGROUND_PROCESSES
ADDED from src\main\AndroidManifest.xml:41:5-84
	android:name
		ADDED from src\main\AndroidManifest.xml:41:22-81
uses-permission#com.android.launcher.permission.INSTALL_SHORTCUT
ADDED from src\main\AndroidManifest.xml:43:5-88
	android:name
		ADDED from src\main\AndroidManifest.xml:43:22-85
uses-permission#android.permission.GET_PACKAGE_SIZE
ADDED from src\main\AndroidManifest.xml:45:5-75
	android:name
		ADDED from src\main\AndroidManifest.xml:45:22-72
uses-permission#android.permission.READ_SMS
ADDED from src\main\AndroidManifest.xml:47:5-67
	android:name
		ADDED from src\main\AndroidManifest.xml:47:22-64
uses-permission#android.permission.WRITE_SMS
ADDED from src\main\AndroidManifest.xml:48:5-68
	android:name
		ADDED from src\main\AndroidManifest.xml:48:22-65
application
ADDED from src\main\AndroidManifest.xml:50:5-180:19
	android:label
		ADDED from src\main\AndroidManifest.xml:53:9-41
	android:allowBackup
		ADDED from src\main\AndroidManifest.xml:51:9-35
	android:icon
		ADDED from src\main\AndroidManifest.xml:52:9-38
	android:theme
		ADDED from src\main\AndroidManifest.xml:54:9-40
uses-library#android.test.runner
ADDED from src\main\AndroidManifest.xml:57:9-60
	android:name
		ADDED from src\main\AndroidManifest.xml:57:23-57
activity#com.atguigu.ms.ui.WelcomeActivity
ADDED from src\main\AndroidManifest.xml:59:9-67:20
	android:label
		ADDED from src\main\AndroidManifest.xml:61:13-45
	android:name
		ADDED from src\main\AndroidManifest.xml:60:13-47
intent-filter#android.intent.action.MAIN+android.intent.category.LAUNCHER
ADDED from src\main\AndroidManifest.xml:62:13-66:29
action#android.intent.action.MAIN
ADDED from src\main\AndroidManifest.xml:63:17-69
	android:name
		ADDED from src\main\AndroidManifest.xml:63:25-66
category#android.intent.category.LAUNCHER
ADDED from src\main\AndroidManifest.xml:65:17-77
	android:name
		ADDED from src\main\AndroidManifest.xml:65:27-74
activity#com.atguigu.ms.ui.MainActivity
ADDED from src\main\AndroidManifest.xml:68:9-74:20
	android:name
		ADDED from src\main\AndroidManifest.xml:68:19-50
intent-filter#android.intent.category.DEFAULT+com.atguigu.ms.MainAction
ADDED from src\main\AndroidManifest.xml:69:13-73:29
action#com.atguigu.ms.MainAction
ADDED from src\main\AndroidManifest.xml:70:17-68
	android:name
		ADDED from src\main\AndroidManifest.xml:70:25-65
category#android.intent.category.DEFAULT
ADDED from src\main\AndroidManifest.xml:72:17-76
	android:name
		ADDED from src\main\AndroidManifest.xml:72:27-73
activity#com.atguigu.ms.ui.Guide1Activity
ADDED from src\main\AndroidManifest.xml:75:9-55
	android:name
		ADDED from src\main\AndroidManifest.xml:75:19-52
activity#com.atguigu.ms.ui.ProtectedInfoActivity
ADDED from src\main\AndroidManifest.xml:76:9-62
	android:name
		ADDED from src\main\AndroidManifest.xml:76:19-59
activity#com.atguigu.ms.ui.Guide2Activity
ADDED from src\main\AndroidManifest.xml:77:9-55
	android:name
		ADDED from src\main\AndroidManifest.xml:77:19-52
activity#com.atguigu.ms.ui.Guide3Activity
ADDED from src\main\AndroidManifest.xml:78:9-55
	android:name
		ADDED from src\main\AndroidManifest.xml:78:19-52
activity#com.atguigu.ms.ui.Guide4Activity
ADDED from src\main\AndroidManifest.xml:79:9-55
	android:name
		ADDED from src\main\AndroidManifest.xml:79:19-52
activity#com.atguigu.ms.ui.ContactListActivity
ADDED from src\main\AndroidManifest.xml:82:9-60
	android:name
		ADDED from src\main\AndroidManifest.xml:82:19-57
receiver#com.atguigu.ms.receiver.MsDeviceAdminReceiver
ADDED from src\main\AndroidManifest.xml:84:9-94:20
	android:permission
		ADDED from src\main\AndroidManifest.xml:86:13-70
	android:name
		ADDED from src\main\AndroidManifest.xml:85:13-59
meta-data#android.app.device_admin
ADDED from src\main\AndroidManifest.xml:87:13-89:59
	android:resource
		ADDED from src\main\AndroidManifest.xml:89:17-56
	android:name
		ADDED from src\main\AndroidManifest.xml:88:17-56
intent-filter#android.app.action.DEVICE_ADMIN_ENABLED
ADDED from src\main\AndroidManifest.xml:91:13-93:29
action#android.app.action.DEVICE_ADMIN_ENABLED
ADDED from src\main\AndroidManifest.xml:92:17-82
	android:name
		ADDED from src\main\AndroidManifest.xml:92:25-79
receiver#com.atguigu.ms.receiver.BootReceiver
ADDED from src\main\AndroidManifest.xml:95:9-99:20
	android:name
		ADDED from src\main\AndroidManifest.xml:95:19-56
intent-filter#android.intent.action.BOOT_COMPLETED
ADDED from src\main\AndroidManifest.xml:96:13-98:29
action#android.intent.action.BOOT_COMPLETED
ADDED from src\main\AndroidManifest.xml:97:17-79
	android:name
		ADDED from src\main\AndroidManifest.xml:97:25-76
receiver#com.atguigu.ms.receiver.SmsReceiver
ADDED from src\main\AndroidManifest.xml:100:9-104:20
	android:name
		ADDED from src\main\AndroidManifest.xml:100:19-55
intent-filter#android.provider.Telephony.SMS_RECEIVED
ADDED from src\main\AndroidManifest.xml:101:13-103:29
	android:priority
		ADDED from src\main\AndroidManifest.xml:101:28-52
action#android.provider.Telephony.SMS_RECEIVED
ADDED from src\main\AndroidManifest.xml:102:17-82
	android:name
		ADDED from src\main\AndroidManifest.xml:102:25-79
activity#com.atguigu.ms.ui.AToolActivity
ADDED from src\main\AndroidManifest.xml:106:9-109:20
	android:label
		ADDED from src\main\AndroidManifest.xml:108:13-57
	android:name
		ADDED from src\main\AndroidManifest.xml:107:13-45
activity#com.atguigu.ms.ui.SettingsActivity
ADDED from src\main\AndroidManifest.xml:110:9-113:20
	android:label
		ADDED from src\main\AndroidManifest.xml:112:13-60
	android:name
		ADDED from src\main\AndroidManifest.xml:111:13-48
activity#com.atguigu.ms.ui.QueryAddressActivity
ADDED from src\main\AndroidManifest.xml:114:9-117:20
	android:label
		ADDED from src\main\AndroidManifest.xml:116:13-65
	android:name
		ADDED from src\main\AndroidManifest.xml:115:13-52
activity#com.atguigu.ms.ui.AdressLocationSetActivity
ADDED from src\main\AndroidManifest.xml:118:9-65
	android:name
		ADDED from src\main\AndroidManifest.xml:118:19-63
service#com.atguigu.ms.service.AddressService
ADDED from src\main\AndroidManifest.xml:120:9-59
	android:name
		ADDED from src\main\AndroidManifest.xml:120:18-56
activity#com.atguigu.ms.ui.BlackManagerActivity
ADDED from src\main\AndroidManifest.xml:122:9-125:20
	android:label
		ADDED from src\main\AndroidManifest.xml:124:13-65
	android:name
		ADDED from src\main\AndroidManifest.xml:123:13-52
activity#com.atguigu.ms.ui.AppManagerActivity
ADDED from src\main\AndroidManifest.xml:126:9-129:20
	android:label
		ADDED from src\main\AndroidManifest.xml:128:13-63
	android:name
		ADDED from src\main\AndroidManifest.xml:127:13-50
activity#com.atguigu.ms.ui.AppLockActivity
ADDED from src\main\AndroidManifest.xml:130:9-133:20
	android:label
		ADDED from src\main\AndroidManifest.xml:132:13-60
	android:name
		ADDED from src\main\AndroidManifest.xml:131:13-47
service#com.atguigu.ms.service.AppLockService
ADDED from src\main\AndroidManifest.xml:135:9-59
	android:name
		ADDED from src\main\AndroidManifest.xml:135:18-56
activity#com.atguigu.ms.ui.LockScreenActivity
ADDED from src\main\AndroidManifest.xml:137:9-141:20
	android:excludeFromRecents
		ADDED from src\main\AndroidManifest.xml:139:13-46
	android:name
		ADDED from src\main\AndroidManifest.xml:138:13-50
	android:launchMode
		ADDED from src\main\AndroidManifest.xml:140:13-48
provider#com.atguigu.ms.provider.AppLockProvider
ADDED from src\main\AndroidManifest.xml:143:9-145:77
	android:authorities
		ADDED from src\main\AndroidManifest.xml:145:13-74
	android:name
		ADDED from src\main\AndroidManifest.xml:144:13-53
activity#com.atguigu.ms.ui.TaskManagerActivity
ADDED from src\main\AndroidManifest.xml:147:9-150:20
	android:label
		ADDED from src\main\AndroidManifest.xml:149:13-64
	android:name
		ADDED from src\main\AndroidManifest.xml:148:13-51
service#com.atguigu.ms.service.AppWidgetService
ADDED from src\main\AndroidManifest.xml:152:9-61
	android:name
		ADDED from src\main\AndroidManifest.xml:152:18-58
receiver#com.atguigu.ms.receiver.MsWidgetProvider
ADDED from src\main\AndroidManifest.xml:154:9-162:20
	android:name
		ADDED from src\main\AndroidManifest.xml:154:19-60
intent-filter#android.appwidget.action.APPWIDGET_UPDATE
ADDED from src\main\AndroidManifest.xml:155:13-157:29
action#android.appwidget.action.APPWIDGET_UPDATE
ADDED from src\main\AndroidManifest.xml:156:17-84
	android:name
		ADDED from src\main\AndroidManifest.xml:156:25-81
meta-data#android.appwidget.provider
ADDED from src\main\AndroidManifest.xml:159:13-161:58
	android:resource
		ADDED from src\main\AndroidManifest.xml:161:17-55
	android:name
		ADDED from src\main\AndroidManifest.xml:160:17-58
activity#com.atguigu.ms.ui.TrafficManagerActivity
ADDED from src\main\AndroidManifest.xml:164:9-167:20
	android:label
		ADDED from src\main\AndroidManifest.xml:166:13-67
	android:name
		ADDED from src\main\AndroidManifest.xml:165:13-54
activity#com.atguigu.ms.ui.CleanCacheActivity
ADDED from src\main\AndroidManifest.xml:168:9-171:20
	android:label
		ADDED from src\main\AndroidManifest.xml:170:13-63
	android:name
		ADDED from src\main\AndroidManifest.xml:169:13-50
activity#com.atguigu.ms.ui.CommonNumberActivity
ADDED from src\main\AndroidManifest.xml:172:9-175:20
	android:label
		ADDED from src\main\AndroidManifest.xml:174:13-65
	android:name
		ADDED from src\main\AndroidManifest.xml:173:13-52
activity#com.atguigu.ms.ui.AntiVirusActivity
ADDED from src\main\AndroidManifest.xml:176:9-179:20
	android:label
		ADDED from src\main\AndroidManifest.xml:178:13-62
	android:name
		ADDED from src\main\AndroidManifest.xml:177:13-63
instrumentation#android.test.InstrumentationTestRunner
ADDED from src\main\AndroidManifest.xml:183:5-185:50
	android:targetPackage
		ADDED from src\main\AndroidManifest.xml:185:9-47
	android:name
		ADDED from src\main\AndroidManifest.xml:184:9-62